<?xml version="1.0" encoding="UTF-8"?>
<!-- Generated by org.testng.reporters.JUnitReportReporter -->
<testsuite hostname="DESKTOP-VIKRANTH" failures="0" tests="6" name="basics.TestNG" time="0.032" errors="0" timestamp="2021-12-23T13:31:28 IST" skipped="0">
  <testcase classname="basics.TestNG" name="createemployee" time="0.009"/>
  <system-out/>
  <testcase classname="basics.TestNG" name="createcompany" time="0.004"/>
  <system-out/>
  <testcase classname="basics.TestNG" name="tc0" time="0.003"/>
  <system-out/>
  <testcase classname="basics.TestNG" name="createcompany" time="0.008"/>
  <system-out/>
  <testcase classname="basics.TestNG" name="deletemultiplecompanies" time="0.004"/>
  <system-out/>
  <testcase classname="basics.TestNG" name="deletecompany" time="0.004"/>
  <system-out/>
</testsuite> <!-- basics.TestNG -->
