<?xml version="1.0" encoding="UTF-8"?>
<!-- Generated by org.testng.reporters.JUnitReportReporter -->
<testsuite hostname="DESKTOP-VIKRANTH" failures="0" tests="6" name="basics2.CreateContacts" time="0.017" errors="0" timestamp="2021-12-21T11:56:04 IST" skipped="0">
  <testcase classname="basics2.CreateContacts" name="createContact" time="0.002"/>
  <system-out/>
  <testcase classname="basics2.CreateContacts" name="checkContact" time="0.004"/>
  <system-out/>
  <testcase classname="basics2.CreateContacts" name="addContact" time="0.002"/>
  <system-out/>
  <testcase classname="basics2.CreateContacts" name="createContact" time="0.003"/>
  <system-out/>
  <testcase classname="basics2.CreateContacts" name="addContact" time="0.004"/>
  <system-out/>
  <testcase classname="basics2.CreateContacts" name="deleteContact" time="0.002"/>
  <system-out/>
</testsuite> <!-- basics2.CreateContacts -->
