<?xml version="1.0" encoding="UTF-8"?>
<!-- Generated by org.testng.reporters.JUnitReportReporter -->
<testsuite hostname="DESKTOP-VIKRANTH" failures="0" tests="5" name="testnextG_2.Practice_2" time="0.015" errors="0" timestamp="2022-07-27T19:33:07 IST" skipped="0">
  <testcase classname="testnextG_2.Practice_2" name="Tc2" time="0.000"/>
  <system-out/>
  <testcase classname="testnextG_2.Practice_2" name="Tc1" time="0.009"/>
  <system-out/>
  <testcase classname="testnextG_2.Practice_2" name="Tc1" time="0.002"/>
  <system-out/>
  <testcase classname="testnextG_2.Practice_2" name="Tc1" time="0.002"/>
  <system-out/>
  <testcase classname="testnextG_2.Practice_2" name="Tc1" time="0.002"/>
  <system-out/>
</testsuite> <!-- testnextG_2.Practice_2 -->
