<?xml version="1.0" encoding="UTF-8"?>
<!-- Generated by org.testng.reporters.JUnitReportReporter -->
<testsuite hostname="DESKTOP-VIKRANTH" failures="0" tests="8" name="testnextG_2.Testng2" time="0.012" errors="0" timestamp="2022-07-25T13:37:13 IST" skipped="0">
  <testcase classname="testnextG_2.Testng2" name="Tc11" time="0.001"/>
  <system-out/>
  <testcase classname="testnextG_2.Testng2" name="Tc12" time="0.001"/>
  <system-out/>
  <testcase classname="testnextG_2.Testng2" name="Tc10" time="0.001"/>
  <system-out/>
  <testcase classname="testnextG_2.Testng2" name="Tc12" time="0.002"/>
  <system-out/>
  <testcase classname="testnextG_2.Testng2" name="Tc12" time="0.003"/>
  <system-out/>
  <testcase classname="testnextG_2.Testng2" name="Tc10" time="0.002"/>
  <system-out/>
  <testcase classname="testnextG_2.Testng2" name="Tc10" time="0.001"/>
  <system-out/>
  <testcase classname="testnextG_2.Testng2" name="T9" time="0.001"/>
  <system-out/>
</testsuite> <!-- testnextG_2.Testng2 -->
