<?xml version="1.0" encoding="UTF-8"?>
<!-- Generated by org.testng.reporters.JUnitReportReporter -->
<testsuite hostname="DESKTOP-VIKRANTH" failures="0" tests="1" name="testnextG_2.Annotations" time="0.004" errors="0" timestamp="2022-07-27T19:26:07 IST" skipped="0">
  <testcase classname="testnextG_2.Annotations" name="Tc11" time="0.004"/>
  <system-out/>
</testsuite> <!-- testnextG_2.Annotations -->
