<?xml version="1.0" encoding="UTF-8"?>
<!-- Generated by org.testng.reporters.JUnitReportReporter -->
<testsuite hostname="DESKTOP-VIKRANTH" failures="0" tests="2" name="testnextG_2.Practice_21" time="0.002" errors="0" timestamp="2022-07-27T19:18:39 IST" skipped="0">
  <testcase classname="testnextG_2.Practice_21" name="Tc8" time="0.001"/>
  <system-out/>
  <testcase classname="testnextG_2.Practice_21" name="Tc6" time="0.001"/>
  <system-out/>
</testsuite> <!-- testnextG_2.Practice_21 -->
