<?xml version="1.0" encoding="UTF-8"?>
<!-- Generated by org.testng.reporters.JUnitReportReporter -->
<testsuite hostname="DESKTOP-VIKRANTH" failures="0" tests="1" name="testnextG_2.Dependsonattribute" time="0.015" errors="0" timestamp="2022-03-25T12:41:49 IST" skipped="0">
  <testcase classname="testnextG_2.Dependsonattribute" name="tc2" time="0.015"/>
  <system-out/>
</testsuite> <!-- testnextG_2.Dependsonattribute -->
