<?xml version="1.0" encoding="UTF-8"?>
<!-- Generated by org.testng.reporters.JUnitReportReporter -->
<testsuite hostname="DESKTOP-VIKRANTH" failures="0" tests="1" name="testnextG_2.Testcasesforanntations" time="0.007" errors="0" timestamp="2022-07-27T19:48:26 IST" skipped="0">
  <testcase classname="testnextG_2.Testcasesforanntations" name="tc111" time="0.007"/>
  <system-out/>
</testsuite> <!-- testnextG_2.Testcasesforanntations -->
